Tue Oct 13 11:18:59 2015

Project path: F:\repository\OU\045_SWC4\PCBs\0451704_SC\default\default.icdb

Env. WDIR: C:\WDIR;C:\MentorGraphics\7.9.5EE\SDD_HOME\standard
WDIRs: 
	C:\WDIR
	C:\MentorGraphics\7.9.5EE\SDD_HOME\standard

Loaded cns files: 
	C:\WDIR\user.cns=71da-fd5b-9868-7bb6-0000-c055-000c-0550-8fab-6d4f-ec7c-1d4d
	C:\MentorGraphics\7.9.5EE\SDD_HOME\standard\ce_ee.cns=7.10.24 (read-only)

Loaded cns - data stored in database: C:\WDIR\user.cns=71da-fd5b-9868-7bb6-0000-c055-000c-0550-8fab-6d4f-ec7c-1d4d;C:\MentorGraphics\7.9.5EE\SDD_HOME\standard\ce_ee.cns=7.10.24
Before global upgrade from version: 7.10.24 to version: 7.10.24

BeforeGlobalUpgrade took 20ms, 0s

Upgrade snapshot DCDV
UpgradeSnapshot took 0ms, 0s

Upgrade snapshot PCB_Layout_Temp
UpgradeSnapshot took 0ms, 0s

Upgrade snapshot PCB
UpgradeSnapshot took 0ms, 0s

Upgrade snapshot RefSync
UpgradeSnapshot took 0ms, 0s

After global upgrade
Set database cns file versions: ce_ee.cns=7.10.24;user.cns=71da-fd5b-9868-7bb6-0000-c055-000c-0550-8fab-6d4f-ec7c-1d4d
AfterGlobalUpgrade took 0ms, 0s

