Wed Jun 17 15:46:34 2015

Project path: E:\Mentor_proj\0451704_SC\default\default.icdb

Env. WDIR: C:\temp;C:\mentorgraphics\7.9.5EE\SDD_HOME\standard
WDIRs: 
	C:\temp
	C:\mentorgraphics\7.9.5EE\SDD_HOME\standard

Loaded cns files: 
	C:\temp\user.cns=667b-696b-8d08-c7fe-8b47-365d-b473-6550-fb55-e30f-7f3d-7d7c
	C:\mentorgraphics\7.9.5EE\SDD_HOME\standard\ce_ee.cns=7.10.24 (read-only)

Loaded cns - data stored in database: C:\temp\user.cns=667b-696b-8d08-c7fe-8b47-365d-b473-6550-fb55-e30f-7f3d-7d7c;C:\mentorgraphics\7.9.5EE\SDD_HOME\standard\ce_ee.cns=7.10.24
Before global upgrade from version: 7.10.24 to version: 7.10.24

BeforeGlobalUpgrade took 3ms, 0s

Upgrade snapshot DCDV
UpgradeSnapshot took 0ms, 0s

Upgrade snapshot PCB_Layout_Temp
UpgradeSnapshot took 0ms, 0s

Upgrade snapshot PCB
UpgradeSnapshot took 0ms, 0s

After global upgrade
Set database cns file versions: ce_ee.cns=7.10.24;user.cns=667b-696b-8d08-c7fe-8b47-365d-b473-6550-fb55-e30f-7f3d-7d7c
AfterGlobalUpgrade took 0ms, 0s

