Wed Jun 17 14:40:23 2015

Project path: D:\tech\OU\045_SWC4\PCBs\0451701_SC\default\default.icdb

Env. WDIR: C:\;C:\MentorGraphics\7.9.5EE\SDD_HOME\standard
WDIRs: 
	C:\ (read-only)
	C:\MentorGraphics\7.9.5EE\SDD_HOME\standard

Constraints definition "CONS_DEF_LOADER" added.
Loaded cns files: 
	C:\MentorGraphics\7.9.5EE\SDD_HOME\standard\ce_ee.cns=7.10.24 (read-only)

Loaded cns - data stored in database: C:\MentorGraphics\7.9.5EE\SDD_HOME\standard\ce_ee.cns=7.10.24
Set database cns file versions: ce_ee.cns=7.10.24
Wed Jun 17 14:40:23 2015

Project path: D:\tech\OU\045_SWC4\PCBs\0451701_SC\default\default.icdb

Env. WDIR: C:\;C:\MentorGraphics\7.9.5EE\SDD_HOME\standard
WDIRs: 
	C:\ (read-only)
	C:\MentorGraphics\7.9.5EE\SDD_HOME\standard

Loaded cns files: 
	C:\MentorGraphics\7.9.5EE\SDD_HOME\standard\ce_ee.cns=7.10.24 (read-only)

Loaded cns - data stored in database: C:\MentorGraphics\7.9.5EE\SDD_HOME\standard\ce_ee.cns=7.10.24
Set database cns file versions: ce_ee.cns=7.10.24
