Fri Apr 01 09:49:45 2016

Project path: G:\ROTEK\0451705_SC\default\default.icdb

Env. WDIR: C:\flexlm;C:\MentorGraphics\7.9.5EE\SDD_HOME\standard
WDIRs: 
	C:\flexlm
	C:\MentorGraphics\7.9.5EE\SDD_HOME\standard

Loaded cns files: 
	C:\flexlm\user.cns=bc7f-b32d-a01d-26b2-bb20-f050-c20f-0550-c7bb-ed5a-ca9b-bb98
	C:\MentorGraphics\7.9.5EE\SDD_HOME\standard\ce_ee.cns=7.10.24 (read-only)

Loaded cns - data stored in database: C:\flexlm\user.cns=bc7f-b32d-a01d-26b2-bb20-f050-c20f-0550-c7bb-ed5a-ca9b-bb98;C:\MentorGraphics\7.9.5EE\SDD_HOME\standard\ce_ee.cns=7.10.24
Before global upgrade from version: 7.10.24 to version: 7.10.24

BeforeGlobalUpgrade took 20ms, 0s

Upgrade snapshot DCDV
UpgradeSnapshot took 0ms, 0s

Upgrade snapshot PCB_Layout_Temp
UpgradeSnapshot took 0ms, 0s

Upgrade snapshot PCB
UpgradeSnapshot took 0ms, 0s

Upgrade snapshot RefSync
UpgradeSnapshot took 0ms, 0s

Upgrade snapshot DCDV_INST_PROP_TEMPORARY_STORAGE
UpgradeSnapshot took 0ms, 0s

After global upgrade
Set database cns file versions: ce_ee.cns=7.10.24;user.cns=bc7f-b32d-a01d-26b2-bb20-f050-c20f-0550-c7bb-ed5a-ca9b-bb98
AfterGlobalUpgrade took 0ms, 0s

