Fri Feb 10 16:24:31 2017

Project path: C:\MG\projects\us001\default\default.icdb

Env. WDIR: C:\WDIR;C:\MentorGraphics\7.9.5EE\SDD_HOME\standard
WDIRs: 
	C:\WDIR
	C:\MentorGraphics\7.9.5EE\SDD_HOME\standard

Loaded cns files: 
	C:\WDIR\user.cns=1d5b-f9b1-6358-ad06-f0fb-d984-1fbd-9850-14e4-63f0-f2a1-c1a8
	C:\MentorGraphics\7.9.5EE\SDD_HOME\standard\ce_ee.cns=7.10.24 (read-only)

Loaded cns - data stored in database: C:\WDIR\user.cns=1d5b-f9b1-6358-ad06-f0fb-d984-1fbd-9850-14e4-63f0-f2a1-c1a8;C:\MentorGraphics\7.9.5EE\SDD_HOME\standard\ce_ee.cns=7.10.24
Before global upgrade from version: 7.10.24 to version: 7.10.24

BeforeGlobalUpgrade took 16ms, 0s

Upgrade snapshot DCDV
UpgradeSnapshot took 0ms, 0s

Upgrade snapshot PCB_Layout_Temp
UpgradeSnapshot took 0ms, 0s

Upgrade snapshot PCB
UpgradeSnapshot took 0ms, 0s

Upgrade snapshot RefSync
UpgradeSnapshot took 0ms, 0s

Upgrade snapshot DCDV_INST_PROP_TEMPORARY_STORAGE
UpgradeSnapshot took 0ms, 0s

After global upgrade
Set database cns file versions: ce_ee.cns=7.10.24;user.cns=1d5b-f9b1-6358-ad06-f0fb-d984-1fbd-9850-14e4-63f0-f2a1-c1a8
AfterGlobalUpgrade took 0ms, 0s

