Sat Mar 18 17:25:11 2017

Project path: X:\MG\projects\L02-0101\default\default.icdb

Env. WDIR: C:\WDIR;C:\mentorgraphics\7.9.5EE\SDD_HOME\standard
WDIRs: 
	C:\WDIR
	C:\mentorgraphics\7.9.5EE\SDD_HOME\standard

Loaded cns files: 
	C:\WDIR\user.cns=2e93-b1bf-ceb1-d05a-7434-dc8c-434d-c850-2c65-5382-c2e3-9e98
	C:\mentorgraphics\7.9.5EE\SDD_HOME\standard\ce_ee.cns=7.10.24 (read-only)

Loaded cns - data stored in database: C:\WDIR\user.cns=2e93-b1bf-ceb1-d05a-7434-dc8c-434d-c850-2c65-5382-c2e3-9e98;C:\mentorgraphics\7.9.5EE\SDD_HOME\standard\ce_ee.cns=7.10.24
Before global upgrade from version: 7.10.24 to version: 7.10.24

BeforeGlobalUpgrade took 21ms, 0s

Upgrade snapshot DCDV
UpgradeSnapshot took 0ms, 0s

Upgrade snapshot PCB_Layout_Temp
UpgradeSnapshot took 0ms, 0s

Upgrade snapshot PCB
UpgradeSnapshot took 0ms, 0s

Upgrade snapshot RefSync
UpgradeSnapshot took 0ms, 0s

Upgrade snapshot DCDV_INST_PROP_TEMPORARY_STORAGE
UpgradeSnapshot took 2ms, 0s

After global upgrade
Set database cns file versions: ce_ee.cns=7.10.24;user.cns=2e93-b1bf-ceb1-d05a-7434-dc8c-434d-c850-2c65-5382-c2e3-9e98
AfterGlobalUpgrade took 0ms, 0s

